counter metrics should have "_total" suffix
metric name should not include type 'summary'
non-histogram and non-summary metrics should not have "_count" suffix
label names should be written in 'snake_case' not 'camelCase'
label names should be written in 'snake_case' not 'camelCase'
metric name should not include type 'gauge'
counter metrics should have "_total" suffix
counter metrics should have "_total" suffix
counter metrics should have "_total" suffix
counter metrics should have "_total" suffix
counter metrics should have "_total" suffix
counter metrics should have "_total" suffix
label names should be written in 'snake_case' not 'camelCase'
label names should be written in 'snake_case' not 'camelCase'
label names should be written in 'snake_case' not 'camelCase'
label names should be written in 'snake_case' not 'camelCase'
label names should be written in 'snake_case' not 'camelCase'
label names should be written in 'snake_case' not 'camelCase'
label names should be written in 'snake_case' not 'camelCase'
label names should be written in 'snake_case' not 'camelCase'
label names should be written in 'snake_case' not 'camelCase'
label names should be written in 'snake_case' not 'camelCase'
label names should be written in 'snake_case' not 'camelCase'
label names should be written in 'snake_case' not 'camelCase'
label names should be written in 'snake_case' not 'camelCase'
label names should be written in 'snake_case' not 'camelCase'
label names should be written in 'snake_case' not 'camelCase'
label names should be written in 'snake_case' not 'camelCase'
label names should be written in 'snake_case' not 'camelCase'
label names should be written in 'snake_case' not 'camelCase'
label names should be written in 'snake_case' not 'camelCase'
label names should be written in 'snake_case' not 'camelCase'
label names should be written in 'snake_case' not 'camelCase'
label names should be written in 'snake_case' not 'camelCase'
label names should be written in 'snake_case' not 'camelCase'
label names should be written in 'snake_case' not 'camelCase'
label names should be written in 'snake_case' not 'camelCase'
label names should be written in 'snake_case' not 'camelCase'
label names should be written in 'snake_case' not 'camelCase'
label names should be written in 'snake_case' not 'camelCase'
label names should be written in 'snake_case' not 'camelCase'
label names should be written in 'snake_case' not 'camelCase'
label names should be written in 'snake_case' not 'camelCase'
label names should be written in 'snake_case' not 'camelCase'
label names should be written in 'snake_case' not 'camelCase'
label names should be written in 'snake_case' not 'camelCase'
label names should be written in 'snake_case' not 'camelCase'
label names should be written in 'snake_case' not 'camelCase'
label names should be written in 'snake_case' not 'camelCase'
label names should be written in 'snake_case' not 'camelCase'
label names should be written in 'snake_case' not 'camelCase'
label names should be written in 'snake_case' not 'camelCase'
label names should be written in 'snake_case' not 'camelCase'
label names should be written in 'snake_case' not 'camelCase'
label names should be written in 'snake_case' not 'camelCase'
label names should be written in 'snake_case' not 'camelCase'
label names should be written in 'snake_case' not 'camelCase'
label names should be written in 'snake_case' not 'camelCase'
label names should be written in 'snake_case' not 'camelCase'
label names should be written in 'snake_case' not 'camelCase'
label names should be written in 'snake_case' not 'camelCase'
label names should be written in 'snake_case' not 'camelCase'
label names should be written in 'snake_case' not 'camelCase'
label names should be written in 'snake_case' not 'camelCase'
label names should be written in 'snake_case' not 'camelCase'
label names should be written in 'snake_case' not 'camelCase'
label names should be written in 'snake_case' not 'camelCase'
label names should be written in 'snake_case' not 'camelCase'
label names should be written in 'snake_case' not 'camelCase'
label names should be written in 'snake_case' not 'camelCase'
label names should be written in 'snake_case' not 'camelCase'
label names should be written in 'snake_case' not 'camelCase'
label names should be written in 'snake_case' not 'camelCase'
label names should be written in 'snake_case' not 'camelCase'
label names should be written in 'snake_case' not 'camelCase'
label names should be written in 'snake_case' not 'camelCase'
label names should be written in 'snake_case' not 'camelCase'
label names should be written in 'snake_case' not 'camelCase'
label names should be written in 'snake_case' not 'camelCase'
label names should be written in 'snake_case' not 'camelCase'
label names should be written in 'snake_case' not 'camelCase'
label names should be written in 'snake_case' not 'camelCase'
label names should be written in 'snake_case' not 'camelCase'
label names should be written in 'snake_case' not 'camelCase'
label names should be written in 'snake_case' not 'camelCase'
label names should be written in 'snake_case' not 'camelCase'
label names should be written in 'snake_case' not 'camelCase'
label names should be written in 'snake_case' not 'camelCase'
label names should be written in 'snake_case' not 'camelCase'
label names should be written in 'snake_case' not 'camelCase'
label names should be written in 'snake_case' not 'camelCase'
label names should be written in 'snake_case' not 'camelCase'
label names should be written in 'snake_case' not 'camelCase'
label names should be written in 'snake_case' not 'camelCase'
label names should be written in 'snake_case' not 'camelCase'
label names should be written in 'snake_case' not 'camelCase'
label names should be written in 'snake_case' not 'camelCase'
label names should be written in 'snake_case' not 'camelCase'
label names should be written in 'snake_case' not 'camelCase'
label names should be written in 'snake_case' not 'camelCase'
label names should be written in 'snake_case' not 'camelCase'
label names should be written in 'snake_case' not 'camelCase'
label names should be written in 'snake_case' not 'camelCase'
label names should be written in 'snake_case' not 'camelCase'
label names should be written in 'snake_case' not 'camelCase'
label names should be written in 'snake_case' not 'camelCase'
label names should be written in 'snake_case' not 'camelCase'
label names should be written in 'snake_case' not 'camelCase'
label names should be written in 'snake_case' not 'camelCase'
label names should be written in 'snake_case' not 'camelCase'
label names should be written in 'snake_case' not 'camelCase'
label names should be written in 'snake_case' not 'camelCase'
label names should be written in 'snake_case' not 'camelCase'
label names should be written in 'snake_case' not 'camelCase'
label names should be written in 'snake_case' not 'camelCase'
label names should be written in 'snake_case' not 'camelCase'
label names should be written in 'snake_case' not 'camelCase'
label names should be written in 'snake_case' not 'camelCase'
label names should be written in 'snake_case' not 'camelCase'
label names should be written in 'snake_case' not 'camelCase'
label names should be written in 'snake_case' not 'camelCase'
label names should be written in 'snake_case' not 'camelCase'
label names should be written in 'snake_case' not 'camelCase'
label names should be written in 'snake_case' not 'camelCase'
label names should be written in 'snake_case' not 'camelCase'
label names should be written in 'snake_case' not 'camelCase'
label names should be written in 'snake_case' not 'camelCase'
label names should be written in 'snake_case' not 'camelCase'
label names should be written in 'snake_case' not 'camelCase'
label names should be written in 'snake_case' not 'camelCase'
label names should be written in 'snake_case' not 'camelCase'
label names should be written in 'snake_case' not 'camelCase'
label names should be written in 'snake_case' not 'camelCase'
label names should be written in 'snake_case' not 'camelCase'
label names should be written in 'snake_case' not 'camelCase'
label names should be written in 'snake_case' not 'camelCase'
label names should be written in 'snake_case' not 'camelCase'
label names should be written in 'snake_case' not 'camelCase'
label names should be written in 'snake_case' not 'camelCase'
label names should be written in 'snake_case' not 'camelCase'
label names should be written in 'snake_case' not 'camelCase'
label names should be written in 'snake_case' not 'camelCase'
label names should be written in 'snake_case' not 'camelCase'
label names should be written in 'snake_case' not 'camelCase'
label names should be written in 'snake_case' not 'camelCase'
label names should be written in 'snake_case' not 'camelCase'
label names should be written in 'snake_case' not 'camelCase'
label names should be written in 'snake_case' not 'camelCase'
label names should be written in 'snake_case' not 'camelCase'
label names should be written in 'snake_case' not 'camelCase'
label names should be written in 'snake_case' not 'camelCase'
label names should be written in 'snake_case' not 'camelCase'
label names should be written in 'snake_case' not 'camelCase'
label names should be written in 'snake_case' not 'camelCase'
label names should be written in 'snake_case' not 'camelCase'
label names should be written in 'snake_case' not 'camelCase'
label names should be written in 'snake_case' not 'camelCase'
label names should be written in 'snake_case' not 'camelCase'
label names should be written in 'snake_case' not 'camelCase'
label names should be written in 'snake_case' not 'camelCase'
label names should be written in 'snake_case' not 'camelCase'
label names should be written in 'snake_case' not 'camelCase'
label names should be written in 'snake_case' not 'camelCase'
label names should be written in 'snake_case' not 'camelCase'
label names should be written in 'snake_case' not 'camelCase'
label names should be written in 'snake_case' not 'camelCase'
label names should be written in 'snake_case' not 'camelCase'
label names should be written in 'snake_case' not 'camelCase'
label names should be written in 'snake_case' not 'camelCase'
label names should be written in 'snake_case' not 'camelCase'
label names should be written in 'snake_case' not 'camelCase'
label names should be written in 'snake_case' not 'camelCase'
label names should be written in 'snake_case' not 'camelCase'
label names should be written in 'snake_case' not 'camelCase'
label names should be written in 'snake_case' not 'camelCase'
label names should be written in 'snake_case' not 'camelCase'
label names should be written in 'snake_case' not 'camelCase'
label names should be written in 'snake_case' not 'camelCase'
label names should be written in 'snake_case' not 'camelCase'
label names should be written in 'snake_case' not 'camelCase'
label names should be written in 'snake_case' not 'camelCase'
label names should be written in 'snake_case' not 'camelCase'
label names should be written in 'snake_case' not 'camelCase'
label names should be written in 'snake_case' not 'camelCase'
label names should be written in 'snake_case' not 'camelCase'
label names should be written in 'snake_case' not 'camelCase'
label names should be written in 'snake_case' not 'camelCase'
label names should be written in 'snake_case' not 'camelCase'
label names should be written in 'snake_case' not 'camelCase'
label names should be written in 'snake_case' not 'camelCase'
label names should be written in 'snake_case' not 'camelCase'
label names should be written in 'snake_case' not 'camelCase'
label names should be written in 'snake_case' not 'camelCase'
label names should be written in 'snake_case' not 'camelCase'
label names should be written in 'snake_case' not 'camelCase'
label names should be written in 'snake_case' not 'camelCase'
label names should be written in 'snake_case' not 'camelCase'
label names should be written in 'snake_case' not 'camelCase'
label names should be written in 'snake_case' not 'camelCase'
label names should be written in 'snake_case' not 'camelCase'
label names should be written in 'snake_case' not 'camelCase'
label names should be written in 'snake_case' not 'camelCase'
label names should be written in 'snake_case' not 'camelCase'
label names should be written in 'snake_case' not 'camelCase'
label names should be written in 'snake_case' not 'camelCase'
label names should be written in 'snake_case' not 'camelCase'
label names should be written in 'snake_case' not 'camelCase'
label names should be written in 'snake_case' not 'camelCase'
label names should be written in 'snake_case' not 'camelCase'
label names should be written in 'snake_case' not 'camelCase'
label names should be written in 'snake_case' not 'camelCase'
label names should be written in 'snake_case' not 'camelCase'
label names should be written in 'snake_case' not 'camelCase'
label names should be written in 'snake_case' not 'camelCase'
label names should be written in 'snake_case' not 'camelCase'
label names should be written in 'snake_case' not 'camelCase'
label names should be written in 'snake_case' not 'camelCase'
label names should be written in 'snake_case' not 'camelCase'
label names should be written in 'snake_case' not 'camelCase'
label names should be written in 'snake_case' not 'camelCase'
label names should be written in 'snake_case' not 'camelCase'
label names should be written in 'snake_case' not 'camelCase'
label names should be written in 'snake_case' not 'camelCase'
label names should be written in 'snake_case' not 'camelCase'
label names should be written in 'snake_case' not 'camelCase'
label names should be written in 'snake_case' not 'camelCase'
label names should be written in 'snake_case' not 'camelCase'
label names should be written in 'snake_case' not 'camelCase'
label names should be written in 'snake_case' not 'camelCase'
label names should be written in 'snake_case' not 'camelCase'
label names should be written in 'snake_case' not 'camelCase'
label names should be written in 'snake_case' not 'camelCase'
label names should be written in 'snake_case' not 'camelCase'
label names should be written in 'snake_case' not 'camelCase'
label names should be written in 'snake_case' not 'camelCase'
label names should be written in 'snake_case' not 'camelCase'
label names should be written in 'snake_case' not 'camelCase'
label names should be written in 'snake_case' not 'camelCase'
label names should be written in 'snake_case' not 'camelCase'
label names should be written in 'snake_case' not 'camelCase'
label names should be written in 'snake_case' not 'camelCase'
label names should be written in 'snake_case' not 'camelCase'
label names should be written in 'snake_case' not 'camelCase'
label names should be written in 'snake_case' not 'camelCase'
label names should be written in 'snake_case' not 'camelCase'
label names should be written in 'snake_case' not 'camelCase'
label names should be written in 'snake_case' not 'camelCase'
label names should be written in 'snake_case' not 'camelCase'
label names should be written in 'snake_case' not 'camelCase'
label names should be written in 'snake_case' not 'camelCase'
label names should be written in 'snake_case' not 'camelCase'
label names should be written in 'snake_case' not 'camelCase'
label names should be written in 'snake_case' not 'camelCase'
label names should be written in 'snake_case' not 'camelCase'
label names should be written in 'snake_case' not 'camelCase'
label names should be written in 'snake_case' not 'camelCase'
label names should be written in 'snake_case' not 'camelCase'
label names should be written in 'snake_case' not 'camelCase'
label names should be written in 'snake_case' not 'camelCase'
label names should be written in 'snake_case' not 'camelCase'
label names should be written in 'snake_case' not 'camelCase'
label names should be written in 'snake_case' not 'camelCase'
label names should be written in 'snake_case' not 'camelCase'
label names should be written in 'snake_case' not 'camelCase'
label names should be written in 'snake_case' not 'camelCase'
label names should be written in 'snake_case' not 'camelCase'
label names should be written in 'snake_case' not 'camelCase'
label names should be written in 'snake_case' not 'camelCase'
label names should be written in 'snake_case' not 'camelCase'
label names should be written in 'snake_case' not 'camelCase'
non-histogram and non-summary metrics should not have "_count" suffix
non-histogram and non-summary metrics should not have "_count" suffix
non-histogram and non-summary metrics should not have "_count" suffix
non-histogram and non-summary metrics should not have "_count" suffix
